2024-05-22T23:54:21.581+05:30  INFO 17344 --- [springbootrestapicrudapp] [restartedMain] .s.a.SpringbootrestapicrudappApplication : Starting SpringbootrestapicrudappApplication using Java 17.0.8.1 with PID 17344 (C:\Users\HP\Spring Boot\springbootrestapicrudapp2\target\classes started by HP in C:\Users\HP\Spring Boot\springbootrestapicrudapp2)
2024-05-22T23:54:21.581+05:30  INFO 17344 --- [springbootrestapicrudapp] [restartedMain] .s.a.SpringbootrestapicrudappApplication : No active profile set, falling back to 1 default profile: "default"
2024-05-22T23:54:21.744+05:30  INFO 17344 --- [springbootrestapicrudapp] [restartedMain] .s.d.r.c.RepositoryConfigurationDelegate : Bootstrapping Spring Data JPA repositories in DEFAULT mode.
2024-05-22T23:54:21.753+05:30  INFO 17344 --- [springbootrestapicrudapp] [restartedMain] .s.d.r.c.RepositoryConfigurationDelegate : Finished Spring Data repository scanning in 7 ms. Found 1 JPA repository interface.
2024-05-22T23:54:21.818+05:30  INFO 17344 --- [springbootrestapicrudapp] [restartedMain] o.s.b.w.embedded.tomcat.TomcatWebServer  : Tomcat initialized with port 9092 (http)
2024-05-22T23:54:21.818+05:30  INFO 17344 --- [springbootrestapicrudapp] [restartedMain] o.apache.catalina.core.StandardService   : Starting service [Tomcat]
2024-05-22T23:54:21.819+05:30  INFO 17344 --- [springbootrestapicrudapp] [restartedMain] o.apache.catalina.core.StandardEngine    : Starting Servlet engine: [Apache Tomcat/10.1.20]
2024-05-22T23:54:21.839+05:30  INFO 17344 --- [springbootrestapicrudapp] [restartedMain] o.a.c.c.C.[Tomcat].[localhost].[/]       : Initializing Spring embedded WebApplicationContext
2024-05-22T23:54:21.839+05:30  INFO 17344 --- [springbootrestapicrudapp] [restartedMain] w.s.c.ServletWebServerApplicationContext : Root WebApplicationContext: initialization completed in 256 ms
2024-05-22T23:54:21.867+05:30  INFO 17344 --- [springbootrestapicrudapp] [restartedMain] o.hibernate.jpa.internal.util.LogHelper  : HHH000204: Processing PersistenceUnitInfo [name: default]
2024-05-22T23:54:21.869+05:30  INFO 17344 --- [springbootrestapicrudapp] [restartedMain] o.h.c.internal.RegionFactoryInitiator    : HHH000026: Second-level cache disabled
2024-05-22T23:54:21.874+05:30  INFO 17344 --- [springbootrestapicrudapp] [restartedMain] o.s.o.j.p.SpringPersistenceUnitInfo      : No LoadTimeWeaver setup: ignoring JPA class transformer
2024-05-22T23:54:21.875+05:30  INFO 17344 --- [springbootrestapicrudapp] [restartedMain] com.zaxxer.hikari.HikariDataSource       : HikariPool-6 - Starting...
2024-05-22T23:54:21.886+05:30  INFO 17344 --- [springbootrestapicrudapp] [restartedMain] com.zaxxer.hikari.pool.HikariPool        : HikariPool-6 - Added connection com.mysql.cj.jdbc.ConnectionImpl@1faedbe6
2024-05-22T23:54:21.886+05:30  INFO 17344 --- [springbootrestapicrudapp] [restartedMain] com.zaxxer.hikari.HikariDataSource       : HikariPool-6 - Start completed.
2024-05-22T23:54:21.887+05:30  WARN 17344 --- [springbootrestapicrudapp] [restartedMain] org.hibernate.orm.deprecation            : HHH90000025: MySQLDialect does not need to be specified explicitly using 'hibernate.dialect' (remove the property setting and it will be selected by default)
2024-05-22T23:54:21.907+05:30  INFO 17344 --- [springbootrestapicrudapp] [restartedMain] o.h.e.t.j.p.i.JtaPlatformInitiator       : HHH000489: No JTA platform available (set 'hibernate.transaction.jta.platform' to enable JTA platform integration)
2024-05-22T23:54:21.914+05:30  INFO 17344 --- [springbootrestapicrudapp] [restartedMain] j.LocalContainerEntityManagerFactoryBean : Initialized JPA EntityManagerFactory for persistence unit 'default'
2024-05-22T23:54:21.947+05:30  WARN 17344 --- [springbootrestapicrudapp] [restartedMain] JpaBaseConfiguration$JpaWebConfiguration : spring.jpa.open-in-view is enabled by default. Therefore, database queries may be performed during view rendering. Explicitly configure spring.jpa.open-in-view to disable this warning
2024-05-22T23:54:22.018+05:30  INFO 17344 --- [springbootrestapicrudapp] [restartedMain] o.s.b.d.a.OptionalLiveReloadServer       : LiveReload server is running on port 35729
2024-05-22T23:54:22.026+05:30  INFO 17344 --- [springbootrestapicrudapp] [restartedMain] o.s.b.w.embedded.tomcat.TomcatWebServer  : Tomcat started on port 9092 (http) with context path ''
2024-05-22T23:54:22.029+05:30  INFO 17344 --- [springbootrestapicrudapp] [restartedMain] .s.a.SpringbootrestapicrudappApplication : Started SpringbootrestapicrudappApplication in 0.5 seconds (process running for 1053.27)
2024-05-22T23:54:22.030+05:30  INFO 17344 --- [springbootrestapicrudapp] [restartedMain] .ConditionEvaluationDeltaLoggingListener : Condition evaluation unchanged
2024-05-22T23:54:45.018+05:30  INFO 17344 --- [springbootrestapicrudapp] [File Watcher] rtingClassPathChangeChangedEventListener : Restarting due to 1 class path change (0 additions, 0 deletions, 1 modification)
2024-05-22T23:54:45.034+05:30  INFO 17344 --- [springbootrestapicrudapp] [Thread-23] j.LocalContainerEntityManagerFactoryBean : Closing JPA EntityManagerFactory for persistence unit 'default'
2024-05-22T23:54:45.035+05:30  INFO 17344 --- [springbootrestapicrudapp] [Thread-23] com.zaxxer.hikari.HikariDataSource       : HikariPool-6 - Shutdown initiated...
2024-05-22T23:54:45.037+05:30  INFO 17344 --- [springbootrestapicrudapp] [Thread-23] com.zaxxer.hikari.HikariDataSource       : HikariPool-6 - Shutdown completed.
